<?xml version="1.0" encoding="UTF-8"?>
<testng-results ignored="0" total="1" passed="1" failed="0" skipped="0">
  <reporter-output>
  </reporter-output>
  <suite started-at="2022-03-19T15:18:01 IST" name="Suite" finished-at="2022-03-19T15:18:56 IST" duration-ms="54705">
    <groups>
    </groups>
    <test started-at="2022-03-19T15:18:01 IST" name="Test" finished-at="2022-03-19T15:18:56 IST" duration-ms="54705">
      <class name="testScripts.PriceComparisionTest">
        <test-method is-config="true" signature="initializeVar()[pri:0, instance:testScripts.PriceComparisionTest@7ff95560]" started-at="2022-03-19T15:17:53 IST" name="initializeVar" finished-at="2022-03-19T15:18:01 IST" duration-ms="8591" status="PASS">
          <reporter-output>
          </reporter-output>
        </test-method> <!-- initializeVar -->
        <test-method is-config="true" signature="beforeSuite()[pri:0, instance:testScripts.PriceComparisionTest@7ff95560]" started-at="2022-03-19T15:18:01 IST" name="beforeSuite" finished-at="2022-03-19T15:18:01 IST" depends-on-methods="baseTest.TestBase.initializeVar" duration-ms="165" status="PASS">
          <reporter-output>
          </reporter-output>
        </test-method> <!-- beforeSuite -->
        <test-method signature="secondTestCase()[pri:0, instance:testScripts.PriceComparisionTest@7ff95560]" started-at="2022-03-19T15:18:02 IST" name="secondTestCase" finished-at="2022-03-19T15:18:56 IST" duration-ms="54573" status="PASS">
          <reporter-output>
          </reporter-output>
        </test-method> <!-- secondTestCase -->
        <test-method is-config="true" signature="closeBrowser()[pri:0, instance:testScripts.PriceComparisionTest@7ff95560]" started-at="2022-03-19T15:18:56 IST" name="closeBrowser" finished-at="2022-03-19T15:18:59 IST" duration-ms="2443" status="PASS">
          <reporter-output>
          </reporter-output>
        </test-method> <!-- closeBrowser -->
      </class> <!-- testScripts.PriceComparisionTest -->
    </test> <!-- Test -->
  </suite> <!-- Suite -->
</testng-results>
