<?xml version="1.0" encoding="UTF-8"?>
<testng-results ignored="0" total="1" passed="1" failed="0" skipped="0">
  <reporter-output>
  </reporter-output>
  <suite started-at="2022-03-19T09:43:48 IST" name="Suite" finished-at="2022-03-19T09:44:01 IST" duration-ms="13237">
    <groups>
    </groups>
    <test started-at="2022-03-19T09:43:48 IST" name="Test" finished-at="2022-03-19T09:44:01 IST" duration-ms="13237">
      <class name="testScripts.FlipkartProductTest">
        <test-method is-config="true" signature="initializeVar()[pri:0, instance:testScripts.FlipkartProductTest@7a52f2a2]" started-at="2022-03-19T09:43:39 IST" name="initializeVar" finished-at="2022-03-19T09:43:48 IST" duration-ms="8480" status="PASS">
          <reporter-output>
          </reporter-output>
        </test-method> <!-- initializeVar -->
        <test-method is-config="true" signature="beforeSuite()[pri:0, instance:testScripts.FlipkartProductTest@7a52f2a2]" started-at="2022-03-19T09:43:48 IST" name="beforeSuite" finished-at="2022-03-19T09:43:48 IST" depends-on-methods="baseTest.TestBase.initializeVar" duration-ms="82" status="PASS">
          <reporter-output>
          </reporter-output>
        </test-method> <!-- beforeSuite -->
        <test-method signature="firstTestCase()[pri:0, instance:testScripts.FlipkartProductTest@7a52f2a2]" started-at="2022-03-19T09:43:48 IST" name="firstTestCase" description="Validate Product Search and add to cart feature on flipkart" finished-at="2022-03-19T09:44:01 IST" duration-ms="13169" status="PASS">
          <reporter-output>
          </reporter-output>
        </test-method> <!-- firstTestCase -->
        <test-method is-config="true" signature="closeBrowser()[pri:0, instance:testScripts.FlipkartProductTest@7a52f2a2]" started-at="2022-03-19T09:44:01 IST" name="closeBrowser" finished-at="2022-03-19T09:44:02 IST" duration-ms="854" status="PASS">
          <reporter-output>
          </reporter-output>
        </test-method> <!-- closeBrowser -->
      </class> <!-- testScripts.FlipkartProductTest -->
    </test> <!-- Test -->
  </suite> <!-- Suite -->
</testng-results>
